{"C:\\Users\\Michell\\Documents\\GitHub\\RoommatesPlus\\RoommatesPlus\\App.js": {"path":"C:\\Users\\Michell\\Documents\\GitHub\\RoommatesPlus\\RoommatesPlus\\App.js","statementMap":{"0":{"start":{"line":8,"column":4},"end":{"line":8,"column":16}},"1":{"start":{"line":10,"column":4},"end":{"line":13,"column":6}},"2":{"start":{"line":24,"column":4},"end":{"line":28,"column":6}}},"fnMap":{"0":{"name":"(anonymous_0)","decl":{"start":{"line":7,"column":2},"end":{"line":7,"column":3}},"loc":{"start":{"line":7,"column":21},"end":{"line":14,"column":3}},"line":7},"1":{"name":"(anonymous_1)","decl":{"start":{"line":23,"column":2},"end":{"line":23,"column":3}},"loc":{"start":{"line":23,"column":10},"end":{"line":29,"column":3}},"line":23}},"branchMap":{},"s":{"0":0,"1":0,"2":0},"f":{"0":0,"1":0},"b":{}}
,"C:\\Users\\Michell\\Documents\\GitHub\\RoommatesPlus\\RoommatesPlus\\backend\\AuthLoadingScreen.js": {"path":"C:\\Users\\Michell\\Documents\\GitHub\\RoommatesPlus\\RoommatesPlus\\backend\\AuthLoadingScreen.js","statementMap":{"0":{"start":{"line":7,"column":6},"end":{"line":7,"column":14}},"1":{"start":{"line":8,"column":6},"end":{"line":8,"column":29}},"2":{"start":{"line":12,"column":22},"end":{"line":18,"column":5}},"3":{"start":{"line":13,"column":24},"end":{"line":13,"column":63}},"4":{"start":{"line":17,"column":6},"end":{"line":17,"column":75}},"5":{"start":{"line":22,"column":6},"end":{"line":27,"column":8}},"6":{"start":{"line":31,"column":17},"end":{"line":45,"column":4}}},"fnMap":{"0":{"name":"(anonymous_0)","decl":{"start":{"line":6,"column":4},"end":{"line":6,"column":5}},"loc":{"start":{"line":6,"column":18},"end":{"line":9,"column":5}},"line":6},"1":{"name":"(anonymous_1)","decl":{"start":{"line":12,"column":22},"end":{"line":12,"column":23}},"loc":{"start":{"line":12,"column":34},"end":{"line":18,"column":5}},"line":12},"2":{"name":"(anonymous_2)","decl":{"start":{"line":21,"column":4},"end":{"line":21,"column":5}},"loc":{"start":{"line":21,"column":13},"end":{"line":28,"column":5}},"line":21}},"branchMap":{"0":{"loc":{"start":{"line":17,"column":37},"end":{"line":17,"column":73}},"type":"cond-expr","locations":[{"start":{"line":17,"column":49},"end":{"line":17,"column":59}},{"start":{"line":17,"column":62},"end":{"line":17,"column":73}}],"line":17}},"s":{"0":0,"1":0,"2":0,"3":0,"4":0,"5":0,"6":0},"f":{"0":0,"1":0,"2":0},"b":{"0":[0,0]}}
,"C:\\Users\\Michell\\Documents\\GitHub\\RoommatesPlus\\RoommatesPlus\\backend\\Fire.js": {"path":"C:\\Users\\Michell\\Documents\\GitHub\\RoommatesPlus\\RoommatesPlus\\backend\\Fire.js","statementMap":{"0":{"start":{"line":8,"column":8},"end":{"line":8,"column":20}},"1":{"start":{"line":9,"column":8},"end":{"line":9,"column":27}},"2":{"start":{"line":10,"column":8},"end":{"line":10,"column":24}},"3":{"start":{"line":13,"column":11},"end":{"line":22,"column":6}},"4":{"start":{"line":13,"column":17},"end":{"line":22,"column":6}},"5":{"start":{"line":25,"column":8},"end":{"line":32,"column":11}},"6":{"start":{"line":26,"column":12},"end":{"line":31,"column":13}},"7":{"start":{"line":27,"column":15},"end":{"line":27,"column":27}},"8":{"start":{"line":29,"column":15},"end":{"line":29,"column":64}},"9":{"start":{"line":30,"column":15},"end":{"line":30,"column":27}},"10":{"start":{"line":35,"column":25},"end":{"line":43,"column":5}},"11":{"start":{"line":36,"column":8},"end":{"line":42,"column":9}},"12":{"start":{"line":37,"column":12},"end":{"line":41,"column":13}},"13":{"start":{"line":38,"column":16},"end":{"line":38,"column":52}},"14":{"start":{"line":40,"column":16},"end":{"line":40,"column":31}},"15":{"start":{"line":47,"column":8},"end":{"line":55,"column":11}},"16":{"start":{"line":49,"column":12},"end":{"line":49,"column":46}},"17":{"start":{"line":50,"column":12},"end":{"line":50,"column":46}},"18":{"start":{"line":52,"column":12},"end":{"line":52,"column":35}},"19":{"start":{"line":53,"column":12},"end":{"line":53,"column":41}},"20":{"start":{"line":54,"column":12},"end":{"line":54,"column":41}},"21":{"start":{"line":59,"column":16},"end":{"line":78,"column":5}},"22":{"start":{"line":60,"column":8},"end":{"line":60,"column":109}},"23":{"start":{"line":61,"column":18},"end":{"line":61,"column":61}},"24":{"start":{"line":62,"column":20},"end":{"line":77,"column":10}},"25":{"start":{"line":64,"column":12},"end":{"line":67,"column":13}},"26":{"start":{"line":65,"column":16},"end":{"line":65,"column":54}},"27":{"start":{"line":66,"column":16},"end":{"line":66,"column":23}},"28":{"start":{"line":68,"column":12},"end":{"line":73,"column":14}},"29":{"start":{"line":69,"column":16},"end":{"line":69,"column":54}},"30":{"start":{"line":70,"column":16},"end":{"line":70,"column":88}},"31":{"start":{"line":71,"column":16},"end":{"line":71,"column":45}},"32":{"start":{"line":72,"column":16},"end":{"line":72,"column":74}},"33":{"start":{"line":76,"column":12},"end":{"line":76,"column":56}},"34":{"start":{"line":82,"column":8},"end":{"line":82,"column":43}},"35":{"start":{"line":87,"column":8},"end":{"line":87,"column":52}},"36":{"start":{"line":91,"column":8},"end":{"line":91,"column":23}},"37":{"start":{"line":94,"column":15},"end":{"line":96,"column":5}},"38":{"start":{"line":95,"column":8},"end":{"line":95,"column":27}},"39":{"start":{"line":99,"column":8},"end":{"line":99,"column":26}},"40":{"start":{"line":103,"column":0},"end":{"line":103,"column":25}}},"fnMap":{"0":{"name":"(anonymous_0)","decl":{"start":{"line":7,"column":4},"end":{"line":7,"column":5}},"loc":{"start":{"line":7,"column":18},"end":{"line":11,"column":5}},"line":7},"1":{"name":"(anonymous_1)","decl":{"start":{"line":13,"column":11},"end":{"line":13,"column":12}},"loc":{"start":{"line":13,"column":17},"end":{"line":22,"column":6}},"line":13},"2":{"name":"(anonymous_2)","decl":{"start":{"line":24,"column":4},"end":{"line":24,"column":5}},"loc":{"start":{"line":24,"column":18},"end":{"line":33,"column":5}},"line":24},"3":{"name":"(anonymous_3)","decl":{"start":{"line":25,"column":43},"end":{"line":25,"column":44}},"loc":{"start":{"line":25,"column":58},"end":{"line":32,"column":9}},"line":25},"4":{"name":"(anonymous_4)","decl":{"start":{"line":35,"column":25},"end":{"line":35,"column":26}},"loc":{"start":{"line":35,"column":33},"end":{"line":43,"column":5}},"line":35},"5":{"name":"(anonymous_5)","decl":{"start":{"line":45,"column":4},"end":{"line":45,"column":5}},"loc":{"start":{"line":45,"column":13},"end":{"line":57,"column":5}},"line":45},"6":{"name":"(anonymous_6)","decl":{"start":{"line":48,"column":14},"end":{"line":48,"column":15}},"loc":{"start":{"line":48,"column":19},"end":{"line":51,"column":9}},"line":48},"7":{"name":"(anonymous_7)","decl":{"start":{"line":51,"column":17},"end":{"line":51,"column":18}},"loc":{"start":{"line":51,"column":28},"end":{"line":55,"column":9}},"line":51},"8":{"name":"(anonymous_8)","decl":{"start":{"line":59,"column":16},"end":{"line":59,"column":17}},"loc":{"start":{"line":59,"column":48},"end":{"line":78,"column":5}},"line":59},"9":{"name":"(anonymous_9)","decl":{"start":{"line":63,"column":14},"end":{"line":63,"column":15}},"loc":{"start":{"line":63,"column":26},"end":{"line":74,"column":9}},"line":63},"10":{"name":"(anonymous_10)","decl":{"start":{"line":68,"column":29},"end":{"line":68,"column":30}},"loc":{"start":{"line":68,"column":36},"end":{"line":73,"column":13}},"line":68},"11":{"name":"(anonymous_11)","decl":{"start":{"line":75,"column":15},"end":{"line":75,"column":16}},"loc":{"start":{"line":75,"column":22},"end":{"line":77,"column":9}},"line":75},"12":{"name":"(anonymous_12)","decl":{"start":{"line":81,"column":4},"end":{"line":81,"column":5}},"loc":{"start":{"line":81,"column":13},"end":{"line":84,"column":5}},"line":81},"13":{"name":"(anonymous_13)","decl":{"start":{"line":86,"column":4},"end":{"line":86,"column":5}},"loc":{"start":{"line":86,"column":13},"end":{"line":88,"column":5}},"line":86},"14":{"name":"(anonymous_14)","decl":{"start":{"line":90,"column":4},"end":{"line":90,"column":5}},"loc":{"start":{"line":90,"column":9},"end":{"line":92,"column":5}},"line":90},"15":{"name":"(anonymous_15)","decl":{"start":{"line":94,"column":15},"end":{"line":94,"column":16}},"loc":{"start":{"line":94,"column":25},"end":{"line":96,"column":5}},"line":94},"16":{"name":"(anonymous_16)","decl":{"start":{"line":98,"column":4},"end":{"line":98,"column":5}},"loc":{"start":{"line":98,"column":15},"end":{"line":100,"column":5}},"line":98}},"branchMap":{"0":{"loc":{"start":{"line":26,"column":12},"end":{"line":31,"column":13}},"type":"if","locations":[{"start":{"line":26,"column":12},"end":{"line":31,"column":13}},{"start":{"line":26,"column":12},"end":{"line":31,"column":13}}],"line":26},"1":{"loc":{"start":{"line":36,"column":8},"end":{"line":42,"column":9}},"type":"if","locations":[{"start":{"line":36,"column":8},"end":{"line":42,"column":9}},{"start":{"line":36,"column":8},"end":{"line":42,"column":9}}],"line":36},"2":{"loc":{"start":{"line":64,"column":12},"end":{"line":67,"column":13}},"type":"if","locations":[{"start":{"line":64,"column":12},"end":{"line":67,"column":13}},{"start":{"line":64,"column":12},"end":{"line":67,"column":13}}],"line":64}},"s":{"0":0,"1":0,"2":0,"3":0,"4":0,"5":0,"6":0,"7":0,"8":0,"9":0,"10":0,"11":0,"12":0,"13":0,"14":0,"15":0,"16":0,"17":0,"18":0,"19":0,"20":0,"21":0,"22":0,"23":0,"24":0,"25":0,"26":0,"27":0,"28":0,"29":0,"30":0,"31":0,"32":0,"33":0,"34":0,"35":0,"36":0,"37":0,"38":0,"39":0,"40":0},"f":{"0":0,"1":0,"2":0,"3":0,"4":0,"5":0,"6":0,"7":0,"8":0,"9":0,"10":0,"11":0,"12":0,"13":0,"14":0,"15":0,"16":0},"b":{"0":[0,0],"1":[0,0],"2":[0,0]}}
,"C:\\Users\\Michell\\Documents\\GitHub\\RoommatesPlus\\RoommatesPlus\\backend\\Navigation.js": {"path":"C:\\Users\\Michell\\Documents\\GitHub\\RoommatesPlus\\RoommatesPlus\\backend\\Navigation.js","statementMap":{"0":{"start":{"line":31,"column":20},"end":{"line":31,"column":37}},"1":{"start":{"line":34,"column":18},"end":{"line":53,"column":2}},"2":{"start":{"line":56,"column":17},"end":{"line":94,"column":3}},"3":{"start":{"line":61,"column":51},"end":{"line":61,"column":122}},"4":{"start":{"line":71,"column":51},"end":{"line":71,"column":116}},"5":{"start":{"line":77,"column":51},"end":{"line":77,"column":113}},"6":{"start":{"line":83,"column":51},"end":{"line":83,"column":116}},"7":{"start":{"line":96,"column":26},"end":{"line":102,"column":3}},"8":{"start":{"line":97,"column":4},"end":{"line":101,"column":19}},"9":{"start":{"line":104,"column":24},"end":{"line":143,"column":3}},"10":{"start":{"line":109,"column":51},"end":{"line":109,"column":112}},"11":{"start":{"line":115,"column":51},"end":{"line":115,"column":112}},"12":{"start":{"line":121,"column":51},"end":{"line":121,"column":121}},"13":{"start":{"line":127,"column":51},"end":{"line":127,"column":112}},"14":{"start":{"line":133,"column":51},"end":{"line":133,"column":121}},"15":{"start":{"line":146,"column":22},"end":{"line":155,"column":1}}},"fnMap":{"0":{"name":"(anonymous_0)","decl":{"start":{"line":61,"column":22},"end":{"line":61,"column":23}},"loc":{"start":{"line":61,"column":51},"end":{"line":61,"column":122}},"line":61},"1":{"name":"(anonymous_1)","decl":{"start":{"line":71,"column":22},"end":{"line":71,"column":23}},"loc":{"start":{"line":71,"column":51},"end":{"line":71,"column":116}},"line":71},"2":{"name":"(anonymous_2)","decl":{"start":{"line":77,"column":22},"end":{"line":77,"column":23}},"loc":{"start":{"line":77,"column":51},"end":{"line":77,"column":113}},"line":77},"3":{"name":"(anonymous_3)","decl":{"start":{"line":83,"column":22},"end":{"line":83,"column":23}},"loc":{"start":{"line":83,"column":51},"end":{"line":83,"column":116}},"line":83},"4":{"name":"(anonymous_4)","decl":{"start":{"line":96,"column":26},"end":{"line":96,"column":27}},"loc":{"start":{"line":97,"column":4},"end":{"line":101,"column":19}},"line":97},"5":{"name":"(anonymous_5)","decl":{"start":{"line":109,"column":22},"end":{"line":109,"column":23}},"loc":{"start":{"line":109,"column":51},"end":{"line":109,"column":112}},"line":109},"6":{"name":"(anonymous_6)","decl":{"start":{"line":115,"column":22},"end":{"line":115,"column":23}},"loc":{"start":{"line":115,"column":51},"end":{"line":115,"column":112}},"line":115},"7":{"name":"(anonymous_7)","decl":{"start":{"line":121,"column":22},"end":{"line":121,"column":23}},"loc":{"start":{"line":121,"column":51},"end":{"line":121,"column":121}},"line":121},"8":{"name":"(anonymous_8)","decl":{"start":{"line":127,"column":22},"end":{"line":127,"column":23}},"loc":{"start":{"line":127,"column":51},"end":{"line":127,"column":112}},"line":127},"9":{"name":"(anonymous_9)","decl":{"start":{"line":133,"column":22},"end":{"line":133,"column":23}},"loc":{"start":{"line":133,"column":51},"end":{"line":133,"column":121}},"line":133}},"branchMap":{},"s":{"0":0,"1":0,"2":0,"3":0,"4":0,"5":0,"6":0,"7":0,"8":0,"9":0,"10":0,"11":0,"12":0,"13":0,"14":0,"15":0},"f":{"0":0,"1":0,"2":0,"3":0,"4":0,"5":0,"6":0,"7":0,"8":0,"9":0},"b":{}}
,"C:\\Users\\Michell\\Documents\\GitHub\\RoommatesPlus\\RoommatesPlus\\backend\\UserData.js": {"path":"C:\\Users\\Michell\\Documents\\GitHub\\RoommatesPlus\\RoommatesPlus\\backend\\UserData.js","statementMap":{"0":{"start":{"line":7,"column":8},"end":{"line":7,"column":29}},"1":{"start":{"line":8,"column":8},"end":{"line":8,"column":28}},"2":{"start":{"line":9,"column":8},"end":{"line":9,"column":25}},"3":{"start":{"line":10,"column":8},"end":{"line":10,"column":31}},"4":{"start":{"line":11,"column":8},"end":{"line":11,"column":24}},"5":{"start":{"line":12,"column":8},"end":{"line":12,"column":24}},"6":{"start":{"line":16,"column":8},"end":{"line":16,"column":36}},"7":{"start":{"line":17,"column":8},"end":{"line":17,"column":34}},"8":{"start":{"line":18,"column":8},"end":{"line":18,"column":29}},"9":{"start":{"line":19,"column":8},"end":{"line":19,"column":37}},"10":{"start":{"line":20,"column":8},"end":{"line":20,"column":27}},"11":{"start":{"line":23,"column":16},"end":{"line":42,"column":5}},"12":{"start":{"line":24,"column":8},"end":{"line":24,"column":109}},"13":{"start":{"line":25,"column":18},"end":{"line":25,"column":61}},"14":{"start":{"line":26,"column":20},"end":{"line":41,"column":10}},"15":{"start":{"line":28,"column":12},"end":{"line":31,"column":13}},"16":{"start":{"line":29,"column":16},"end":{"line":29,"column":54}},"17":{"start":{"line":30,"column":16},"end":{"line":30,"column":23}},"18":{"start":{"line":32,"column":12},"end":{"line":37,"column":14}},"19":{"start":{"line":33,"column":16},"end":{"line":33,"column":54}},"20":{"start":{"line":34,"column":16},"end":{"line":34,"column":88}},"21":{"start":{"line":35,"column":16},"end":{"line":35,"column":49}},"22":{"start":{"line":36,"column":16},"end":{"line":36,"column":78}},"23":{"start":{"line":40,"column":12},"end":{"line":40,"column":56}},"24":{"start":{"line":44,"column":15},"end":{"line":46,"column":5}},"25":{"start":{"line":45,"column":8},"end":{"line":45,"column":27}},"26":{"start":{"line":49,"column":8},"end":{"line":49,"column":26}},"27":{"start":{"line":55,"column":0},"end":{"line":55,"column":33}}},"fnMap":{"0":{"name":"(anonymous_0)","decl":{"start":{"line":6,"column":4},"end":{"line":6,"column":5}},"loc":{"start":{"line":6,"column":17},"end":{"line":13,"column":5}},"line":6},"1":{"name":"(anonymous_1)","decl":{"start":{"line":15,"column":4},"end":{"line":15,"column":5}},"loc":{"start":{"line":15,"column":64},"end":{"line":21,"column":5}},"line":15},"2":{"name":"(anonymous_2)","decl":{"start":{"line":23,"column":16},"end":{"line":23,"column":17}},"loc":{"start":{"line":23,"column":48},"end":{"line":42,"column":5}},"line":23},"3":{"name":"(anonymous_3)","decl":{"start":{"line":27,"column":14},"end":{"line":27,"column":15}},"loc":{"start":{"line":27,"column":26},"end":{"line":38,"column":9}},"line":27},"4":{"name":"(anonymous_4)","decl":{"start":{"line":32,"column":29},"end":{"line":32,"column":30}},"loc":{"start":{"line":32,"column":36},"end":{"line":37,"column":13}},"line":32},"5":{"name":"(anonymous_5)","decl":{"start":{"line":39,"column":15},"end":{"line":39,"column":16}},"loc":{"start":{"line":39,"column":22},"end":{"line":41,"column":9}},"line":39},"6":{"name":"(anonymous_6)","decl":{"start":{"line":44,"column":15},"end":{"line":44,"column":16}},"loc":{"start":{"line":44,"column":25},"end":{"line":46,"column":5}},"line":44},"7":{"name":"(anonymous_7)","decl":{"start":{"line":48,"column":4},"end":{"line":48,"column":5}},"loc":{"start":{"line":48,"column":15},"end":{"line":50,"column":5}},"line":48}},"branchMap":{"0":{"loc":{"start":{"line":28,"column":12},"end":{"line":31,"column":13}},"type":"if","locations":[{"start":{"line":28,"column":12},"end":{"line":31,"column":13}},{"start":{"line":28,"column":12},"end":{"line":31,"column":13}}],"line":28}},"s":{"0":0,"1":0,"2":0,"3":0,"4":0,"5":0,"6":0,"7":0,"8":0,"9":0,"10":0,"11":0,"12":0,"13":0,"14":0,"15":0,"16":0,"17":0,"18":0,"19":0,"20":0,"21":0,"22":0,"23":0,"24":0,"25":0,"26":0,"27":0},"f":{"0":0,"1":0,"2":0,"3":0,"4":0,"5":0,"6":0,"7":0},"b":{"0":[0,0]}}
,"C:\\Users\\Michell\\Documents\\GitHub\\RoommatesPlus\\RoommatesPlus\\frontend\\screens\\AccountInfo.js": {"path":"C:\\Users\\Michell\\Documents\\GitHub\\RoommatesPlus\\RoommatesPlus\\frontend\\screens\\AccountInfo.js","statementMap":{"0":{"start":{"line":10,"column":12},"end":{"line":16,"column":5}},"1":{"start":{"line":18,"column":28},"end":{"line":34,"column":5}},"2":{"start":{"line":19,"column":8},"end":{"line":33,"column":11}},"3":{"start":{"line":27,"column":12},"end":{"line":27,"column":43}},"4":{"start":{"line":28,"column":12},"end":{"line":28,"column":40}},"5":{"start":{"line":31,"column":12},"end":{"line":31,"column":38}},"6":{"start":{"line":32,"column":12},"end":{"line":32,"column":38}},"7":{"start":{"line":36,"column":28},"end":{"line":40,"column":5}},"8":{"start":{"line":37,"column":8},"end":{"line":37,"column":60}},"9":{"start":{"line":38,"column":8},"end":{"line":38,"column":50}},"10":{"start":{"line":39,"column":8},"end":{"line":39,"column":71}},"11":{"start":{"line":43,"column":8},"end":{"line":67,"column":10}},"12":{"start":{"line":47,"column":46},"end":{"line":47,"column":72}},"13":{"start":{"line":51,"column":45},"end":{"line":51,"column":70}},"14":{"start":{"line":56,"column":42},"end":{"line":56,"column":65}},"15":{"start":{"line":60,"column":47},"end":{"line":60,"column":75}}},"fnMap":{"0":{"name":"(anonymous_0)","decl":{"start":{"line":18,"column":28},"end":{"line":18,"column":29}},"loc":{"start":{"line":18,"column":34},"end":{"line":34,"column":5}},"line":18},"1":{"name":"(anonymous_1)","decl":{"start":{"line":26,"column":14},"end":{"line":26,"column":15}},"loc":{"start":{"line":26,"column":20},"end":{"line":29,"column":9}},"line":26},"2":{"name":"(anonymous_2)","decl":{"start":{"line":30,"column":15},"end":{"line":30,"column":16}},"loc":{"start":{"line":30,"column":24},"end":{"line":33,"column":9}},"line":30},"3":{"name":"(anonymous_3)","decl":{"start":{"line":36,"column":28},"end":{"line":36,"column":29}},"loc":{"start":{"line":36,"column":40},"end":{"line":40,"column":5}},"line":36},"4":{"name":"(anonymous_4)","decl":{"start":{"line":42,"column":4},"end":{"line":42,"column":5}},"loc":{"start":{"line":42,"column":13},"end":{"line":68,"column":5}},"line":42},"5":{"name":"(anonymous_5)","decl":{"start":{"line":47,"column":31},"end":{"line":47,"column":32}},"loc":{"start":{"line":47,"column":46},"end":{"line":47,"column":72}},"line":47},"6":{"name":"(anonymous_6)","decl":{"start":{"line":51,"column":31},"end":{"line":51,"column":32}},"loc":{"start":{"line":51,"column":45},"end":{"line":51,"column":70}},"line":51},"7":{"name":"(anonymous_7)","decl":{"start":{"line":56,"column":30},"end":{"line":56,"column":31}},"loc":{"start":{"line":56,"column":42},"end":{"line":56,"column":65}},"line":56},"8":{"name":"(anonymous_8)","decl":{"start":{"line":60,"column":30},"end":{"line":60,"column":31}},"loc":{"start":{"line":60,"column":47},"end":{"line":60,"column":75}},"line":60}},"branchMap":{},"s":{"0":0,"1":0,"2":0,"3":0,"4":0,"5":0,"6":0,"7":0,"8":0,"9":0,"10":0,"11":0,"12":0,"13":0,"14":0,"15":0},"f":{"0":0,"1":0,"2":0,"3":0,"4":0,"5":0,"6":0,"7":0,"8":0},"b":{}}
,"C:\\Users\\Michell\\Documents\\GitHub\\RoommatesPlus\\RoommatesPlus\\frontend\\screens\\Calendar.js": {"path":"C:\\Users\\Michell\\Documents\\GitHub\\RoommatesPlus\\RoommatesPlus\\frontend\\screens\\Calendar.js","statementMap":{"0":{"start":{"line":9,"column":8},"end":{"line":20,"column":10}},"1":{"start":{"line":13,"column":80},"end":{"line":13,"column":114}}},"fnMap":{"0":{"name":"(anonymous_0)","decl":{"start":{"line":8,"column":4},"end":{"line":8,"column":5}},"loc":{"start":{"line":8,"column":13},"end":{"line":21,"column":5}},"line":8},"1":{"name":"(anonymous_1)","decl":{"start":{"line":13,"column":74},"end":{"line":13,"column":75}},"loc":{"start":{"line":13,"column":80},"end":{"line":13,"column":114}},"line":13}},"branchMap":{},"s":{"0":0,"1":0},"f":{"0":0,"1":0},"b":{}}
,"C:\\Users\\Michell\\Documents\\GitHub\\RoommatesPlus\\RoommatesPlus\\frontend\\screens\\Chores.js": {"path":"C:\\Users\\Michell\\Documents\\GitHub\\RoommatesPlus\\RoommatesPlus\\frontend\\screens\\Chores.js","statementMap":{"0":{"start":{"line":9,"column":8},"end":{"line":20,"column":10}},"1":{"start":{"line":13,"column":80},"end":{"line":13,"column":114}}},"fnMap":{"0":{"name":"(anonymous_0)","decl":{"start":{"line":8,"column":4},"end":{"line":8,"column":5}},"loc":{"start":{"line":8,"column":13},"end":{"line":21,"column":5}},"line":8},"1":{"name":"(anonymous_1)","decl":{"start":{"line":13,"column":74},"end":{"line":13,"column":75}},"loc":{"start":{"line":13,"column":80},"end":{"line":13,"column":114}},"line":13}},"branchMap":{},"s":{"0":0,"1":0},"f":{"0":0,"1":0},"b":{}}
,"C:\\Users\\Michell\\Documents\\GitHub\\RoommatesPlus\\RoommatesPlus\\frontend\\screens\\CreateAccount.js": {"path":"C:\\Users\\Michell\\Documents\\GitHub\\RoommatesPlus\\RoommatesPlus\\frontend\\screens\\CreateAccount.js","statementMap":{"0":{"start":{"line":8,"column":12},"end":{"line":13,"column":5}},"1":{"start":{"line":15,"column":26},"end":{"line":30,"column":5}},"2":{"start":{"line":16,"column":8},"end":{"line":29,"column":11}},"3":{"start":{"line":18,"column":12},"end":{"line":20,"column":15}},"4":{"start":{"line":23,"column":12},"end":{"line":23,"column":54}},"5":{"start":{"line":24,"column":12},"end":{"line":24,"column":43}},"6":{"start":{"line":27,"column":12},"end":{"line":27,"column":38}},"7":{"start":{"line":28,"column":12},"end":{"line":28,"column":38}},"8":{"start":{"line":33,"column":8},"end":{"line":64,"column":10}},"9":{"start":{"line":47,"column":42},"end":{"line":47,"column":64}},"10":{"start":{"line":52,"column":44},"end":{"line":52,"column":69}}},"fnMap":{"0":{"name":"(anonymous_0)","decl":{"start":{"line":15,"column":26},"end":{"line":15,"column":27}},"loc":{"start":{"line":15,"column":32},"end":{"line":30,"column":5}},"line":15},"1":{"name":"(anonymous_1)","decl":{"start":{"line":17,"column":14},"end":{"line":17,"column":15}},"loc":{"start":{"line":17,"column":33},"end":{"line":21,"column":9}},"line":17},"2":{"name":"(anonymous_2)","decl":{"start":{"line":22,"column":14},"end":{"line":22,"column":15}},"loc":{"start":{"line":22,"column":20},"end":{"line":25,"column":9}},"line":22},"3":{"name":"(anonymous_3)","decl":{"start":{"line":26,"column":15},"end":{"line":26,"column":16}},"loc":{"start":{"line":26,"column":24},"end":{"line":29,"column":9}},"line":26},"4":{"name":"(anonymous_4)","decl":{"start":{"line":32,"column":4},"end":{"line":32,"column":5}},"loc":{"start":{"line":32,"column":13},"end":{"line":65,"column":5}},"line":32},"5":{"name":"(anonymous_5)","decl":{"start":{"line":47,"column":31},"end":{"line":47,"column":32}},"loc":{"start":{"line":47,"column":42},"end":{"line":47,"column":64}},"line":47},"6":{"name":"(anonymous_6)","decl":{"start":{"line":52,"column":30},"end":{"line":52,"column":31}},"loc":{"start":{"line":52,"column":44},"end":{"line":52,"column":69}},"line":52}},"branchMap":{},"s":{"0":0,"1":0,"2":0,"3":0,"4":0,"5":0,"6":0,"7":0,"8":0,"9":0,"10":0},"f":{"0":0,"1":0,"2":0,"3":0,"4":0,"5":0,"6":0},"b":{}}
,"C:\\Users\\Michell\\Documents\\GitHub\\RoommatesPlus\\RoommatesPlus\\frontend\\screens\\CreateHouseHold.js": {"path":"C:\\Users\\Michell\\Documents\\GitHub\\RoommatesPlus\\RoommatesPlus\\frontend\\screens\\CreateHouseHold.js","statementMap":{"0":{"start":{"line":8,"column":8},"end":{"line":19,"column":10}},"1":{"start":{"line":14,"column":51},"end":{"line":14,"column":89}}},"fnMap":{"0":{"name":"(anonymous_0)","decl":{"start":{"line":7,"column":4},"end":{"line":7,"column":5}},"loc":{"start":{"line":7,"column":13},"end":{"line":20,"column":5}},"line":7},"1":{"name":"(anonymous_1)","decl":{"start":{"line":14,"column":45},"end":{"line":14,"column":46}},"loc":{"start":{"line":14,"column":51},"end":{"line":14,"column":89}},"line":14}},"branchMap":{},"s":{"0":0,"1":0},"f":{"0":0,"1":0},"b":{}}
,"C:\\Users\\Michell\\Documents\\GitHub\\RoommatesPlus\\RoommatesPlus\\frontend\\screens\\HouseHoldAgreement.js": {"path":"C:\\Users\\Michell\\Documents\\GitHub\\RoommatesPlus\\RoommatesPlus\\frontend\\screens\\HouseHoldAgreement.js","statementMap":{},"fnMap":{},"branchMap":{},"s":{},"f":{},"b":{}}
,"C:\\Users\\Michell\\Documents\\GitHub\\RoommatesPlus\\RoommatesPlus\\frontend\\screens\\HouseHoldDashboard.js": {"path":"C:\\Users\\Michell\\Documents\\GitHub\\RoommatesPlus\\RoommatesPlus\\frontend\\screens\\HouseHoldDashboard.js","statementMap":{"0":{"start":{"line":6,"column":13},"end":{"line":28,"column":1}},"1":{"start":{"line":31,"column":2},"end":{"line":38,"column":4}},"2":{"start":{"line":33,"column":57},"end":{"line":33,"column":99}},"3":{"start":{"line":42,"column":2},"end":{"line":50,"column":4}},"4":{"start":{"line":46,"column":34},"end":{"line":46,"column":61}},"5":{"start":{"line":47,"column":30},"end":{"line":47,"column":37}},"6":{"start":{"line":53,"column":15},"end":{"line":67,"column":2}}},"fnMap":{"0":{"name":"Item","decl":{"start":{"line":30,"column":9},"end":{"line":30,"column":13}},"loc":{"start":{"line":30,"column":29},"end":{"line":39,"column":1}},"line":30},"1":{"name":"(anonymous_1)","decl":{"start":{"line":33,"column":51},"end":{"line":33,"column":52}},"loc":{"start":{"line":33,"column":57},"end":{"line":33,"column":99}},"line":33},"2":{"name":"App","decl":{"start":{"line":41,"column":24},"end":{"line":41,"column":27}},"loc":{"start":{"line":41,"column":30},"end":{"line":51,"column":1}},"line":41},"3":{"name":"(anonymous_3)","decl":{"start":{"line":46,"column":20},"end":{"line":46,"column":21}},"loc":{"start":{"line":46,"column":34},"end":{"line":46,"column":61}},"line":46},"4":{"name":"(anonymous_4)","decl":{"start":{"line":47,"column":22},"end":{"line":47,"column":23}},"loc":{"start":{"line":47,"column":30},"end":{"line":47,"column":37}},"line":47}},"branchMap":{},"s":{"0":0,"1":0,"2":0,"3":0,"4":0,"5":0,"6":0},"f":{"0":0,"1":0,"2":0,"3":0,"4":0},"b":{}}
,"C:\\Users\\Michell\\Documents\\GitHub\\RoommatesPlus\\RoommatesPlus\\frontend\\screens\\HouseHoldMembers.js": {"path":"C:\\Users\\Michell\\Documents\\GitHub\\RoommatesPlus\\RoommatesPlus\\frontend\\screens\\HouseHoldMembers.js","statementMap":{"0":{"start":{"line":9,"column":6},"end":{"line":20,"column":10}},"1":{"start":{"line":13,"column":76},"end":{"line":13,"column":110}}},"fnMap":{"0":{"name":"(anonymous_0)","decl":{"start":{"line":8,"column":4},"end":{"line":8,"column":5}},"loc":{"start":{"line":8,"column":13},"end":{"line":21,"column":5}},"line":8},"1":{"name":"(anonymous_1)","decl":{"start":{"line":13,"column":70},"end":{"line":13,"column":71}},"loc":{"start":{"line":13,"column":76},"end":{"line":13,"column":110}},"line":13}},"branchMap":{},"s":{"0":0,"1":0},"f":{"0":0,"1":0},"b":{}}
,"C:\\Users\\Michell\\Documents\\GitHub\\RoommatesPlus\\RoommatesPlus\\frontend\\screens\\JoinHouseHold.js": {"path":"C:\\Users\\Michell\\Documents\\GitHub\\RoommatesPlus\\RoommatesPlus\\frontend\\screens\\JoinHouseHold.js","statementMap":{"0":{"start":{"line":11,"column":12},"end":{"line":15,"column":5}},"1":{"start":{"line":17,"column":20},"end":{"line":28,"column":5}},"2":{"start":{"line":18,"column":23},"end":{"line":18,"column":42}},"3":{"start":{"line":19,"column":27},"end":{"line":27,"column":10}},"4":{"start":{"line":23,"column":12},"end":{"line":23,"column":34}},"5":{"start":{"line":26,"column":12},"end":{"line":26,"column":28}},"6":{"start":{"line":30,"column":23},"end":{"line":67,"column":5}},"7":{"start":{"line":31,"column":8},"end":{"line":31,"column":44}},"8":{"start":{"line":32,"column":25},"end":{"line":32,"column":70}},"9":{"start":{"line":33,"column":20},"end":{"line":66,"column":10}},"10":{"start":{"line":35,"column":12},"end":{"line":45,"column":13}},"11":{"start":{"line":36,"column":16},"end":{"line":43,"column":18}},"12":{"start":{"line":40,"column":57},"end":{"line":40,"column":86}},"13":{"start":{"line":44,"column":16},"end":{"line":44,"column":23}},"14":{"start":{"line":47,"column":12},"end":{"line":52,"column":14}},"15":{"start":{"line":48,"column":16},"end":{"line":51,"column":18}},"16":{"start":{"line":53,"column":12},"end":{"line":61,"column":14}},"17":{"start":{"line":58,"column":49},"end":{"line":58,"column":74}},"18":{"start":{"line":62,"column":12},"end":{"line":62,"column":19}},"19":{"start":{"line":65,"column":12},"end":{"line":65,"column":58}},"20":{"start":{"line":70,"column":8},"end":{"line":88,"column":10}},"21":{"start":{"line":74,"column":84},"end":{"line":74,"column":118}},"22":{"start":{"line":81,"column":47},"end":{"line":81,"column":75}}},"fnMap":{"0":{"name":"(anonymous_0)","decl":{"start":{"line":17,"column":20},"end":{"line":17,"column":21}},"loc":{"start":{"line":17,"column":25},"end":{"line":28,"column":5}},"line":17},"1":{"name":"(anonymous_1)","decl":{"start":{"line":22,"column":14},"end":{"line":22,"column":15}},"loc":{"start":{"line":22,"column":20},"end":{"line":24,"column":9}},"line":22},"2":{"name":"(anonymous_2)","decl":{"start":{"line":25,"column":15},"end":{"line":25,"column":16}},"loc":{"start":{"line":25,"column":22},"end":{"line":27,"column":9}},"line":25},"3":{"name":"(anonymous_3)","decl":{"start":{"line":30,"column":23},"end":{"line":30,"column":24}},"loc":{"start":{"line":30,"column":29},"end":{"line":67,"column":5}},"line":30},"4":{"name":"(anonymous_4)","decl":{"start":{"line":34,"column":14},"end":{"line":34,"column":15}},"loc":{"start":{"line":34,"column":26},"end":{"line":63,"column":9}},"line":34},"5":{"name":"(anonymous_5)","decl":{"start":{"line":40,"column":51},"end":{"line":40,"column":52}},"loc":{"start":{"line":40,"column":57},"end":{"line":40,"column":86}},"line":40},"6":{"name":"(anonymous_6)","decl":{"start":{"line":47,"column":29},"end":{"line":47,"column":30}},"loc":{"start":{"line":47,"column":36},"end":{"line":52,"column":13}},"line":47},"7":{"name":"(anonymous_7)","decl":{"start":{"line":58,"column":43},"end":{"line":58,"column":44}},"loc":{"start":{"line":58,"column":49},"end":{"line":58,"column":74}},"line":58},"8":{"name":"(anonymous_8)","decl":{"start":{"line":64,"column":15},"end":{"line":64,"column":16}},"loc":{"start":{"line":64,"column":22},"end":{"line":66,"column":9}},"line":64},"9":{"name":"(anonymous_9)","decl":{"start":{"line":69,"column":4},"end":{"line":69,"column":5}},"loc":{"start":{"line":69,"column":13},"end":{"line":89,"column":5}},"line":69},"10":{"name":"(anonymous_10)","decl":{"start":{"line":74,"column":78},"end":{"line":74,"column":79}},"loc":{"start":{"line":74,"column":84},"end":{"line":74,"column":118}},"line":74},"11":{"name":"(anonymous_11)","decl":{"start":{"line":81,"column":30},"end":{"line":81,"column":31}},"loc":{"start":{"line":81,"column":47},"end":{"line":81,"column":75}},"line":81}},"branchMap":{"0":{"loc":{"start":{"line":35,"column":12},"end":{"line":45,"column":13}},"type":"if","locations":[{"start":{"line":35,"column":12},"end":{"line":45,"column":13}},{"start":{"line":35,"column":12},"end":{"line":45,"column":13}}],"line":35}},"s":{"0":0,"1":0,"2":0,"3":0,"4":0,"5":0,"6":0,"7":0,"8":0,"9":0,"10":0,"11":0,"12":0,"13":0,"14":0,"15":0,"16":0,"17":0,"18":0,"19":0,"20":0,"21":0,"22":0},"f":{"0":0,"1":0,"2":0,"3":0,"4":0,"5":0,"6":0,"7":0,"8":0,"9":0,"10":0,"11":0},"b":{"0":[0,0]}}
,"C:\\Users\\Michell\\Documents\\GitHub\\RoommatesPlus\\RoommatesPlus\\frontend\\screens\\Login.js": {"path":"C:\\Users\\Michell\\Documents\\GitHub\\RoommatesPlus\\RoommatesPlus\\frontend\\screens\\Login.js","statementMap":{"0":{"start":{"line":10,"column":23},"end":{"line":10,"column":47}},"1":{"start":{"line":12,"column":10},"end":{"line":16,"column":3}},"2":{"start":{"line":18,"column":23},"end":{"line":27,"column":3}},"3":{"start":{"line":19,"column":4},"end":{"line":26,"column":11}},"4":{"start":{"line":21,"column":12},"end":{"line":21,"column":31}},"5":{"start":{"line":22,"column":12},"end":{"line":22,"column":43}},"6":{"start":{"line":24,"column":12},"end":{"line":24,"column":53}},"7":{"start":{"line":25,"column":12},"end":{"line":25,"column":39}},"8":{"start":{"line":29,"column":17},"end":{"line":33,"column":3}},"9":{"start":{"line":30,"column":4},"end":{"line":30,"column":56}},"10":{"start":{"line":31,"column":4},"end":{"line":31,"column":45}},"11":{"start":{"line":32,"column":4},"end":{"line":32,"column":51}},"12":{"start":{"line":37,"column":4},"end":{"line":73,"column":6}},"13":{"start":{"line":52,"column":29},"end":{"line":52,"column":51}},"14":{"start":{"line":57,"column":121},"end":{"line":57,"column":146}},"15":{"start":{"line":60,"column":36},"end":{"line":60,"column":62}},"16":{"start":{"line":60,"column":63},"end":{"line":60,"column":107}},"17":{"start":{"line":65,"column":35},"end":{"line":65,"column":85}}},"fnMap":{"0":{"name":"(anonymous_0)","decl":{"start":{"line":18,"column":23},"end":{"line":18,"column":24}},"loc":{"start":{"line":18,"column":29},"end":{"line":27,"column":3}},"line":18},"1":{"name":"(anonymous_1)","decl":{"start":{"line":20,"column":14},"end":{"line":20,"column":15}},"loc":{"start":{"line":20,"column":20},"end":{"line":23,"column":9}},"line":20},"2":{"name":"(anonymous_2)","decl":{"start":{"line":23,"column":17},"end":{"line":23,"column":18}},"loc":{"start":{"line":23,"column":28},"end":{"line":26,"column":9}},"line":23},"3":{"name":"(anonymous_3)","decl":{"start":{"line":29,"column":17},"end":{"line":29,"column":18}},"loc":{"start":{"line":29,"column":29},"end":{"line":33,"column":3}},"line":29},"4":{"name":"(anonymous_4)","decl":{"start":{"line":36,"column":2},"end":{"line":36,"column":3}},"loc":{"start":{"line":36,"column":10},"end":{"line":74,"column":5}},"line":36},"5":{"name":"(anonymous_5)","decl":{"start":{"line":52,"column":18},"end":{"line":52,"column":19}},"loc":{"start":{"line":52,"column":29},"end":{"line":52,"column":51}},"line":52},"6":{"name":"(anonymous_6)","decl":{"start":{"line":57,"column":107},"end":{"line":57,"column":108}},"loc":{"start":{"line":57,"column":121},"end":{"line":57,"column":146}},"line":57},"7":{"name":"(anonymous_7)","decl":{"start":{"line":60,"column":29},"end":{"line":60,"column":30}},"loc":{"start":{"line":60,"column":35},"end":{"line":60,"column":108}},"line":60},"8":{"name":"(anonymous_8)","decl":{"start":{"line":65,"column":29},"end":{"line":65,"column":30}},"loc":{"start":{"line":65,"column":35},"end":{"line":65,"column":85}},"line":65}},"branchMap":{},"s":{"0":0,"1":0,"2":0,"3":0,"4":0,"5":0,"6":0,"7":0,"8":0,"9":0,"10":0,"11":0,"12":0,"13":0,"14":0,"15":0,"16":0,"17":0},"f":{"0":0,"1":0,"2":0,"3":0,"4":0,"5":0,"6":0,"7":0,"8":0},"b":{}}
,"C:\\Users\\Michell\\Documents\\GitHub\\RoommatesPlus\\RoommatesPlus\\frontend\\screens\\Messaging.js": {"path":"C:\\Users\\Michell\\Documents\\GitHub\\RoommatesPlus\\RoommatesPlus\\frontend\\screens\\Messaging.js","statementMap":{"0":{"start":{"line":9,"column":8},"end":{"line":20,"column":10}},"1":{"start":{"line":13,"column":80},"end":{"line":13,"column":114}}},"fnMap":{"0":{"name":"(anonymous_0)","decl":{"start":{"line":8,"column":4},"end":{"line":8,"column":5}},"loc":{"start":{"line":8,"column":13},"end":{"line":21,"column":5}},"line":8},"1":{"name":"(anonymous_1)","decl":{"start":{"line":13,"column":74},"end":{"line":13,"column":75}},"loc":{"start":{"line":13,"column":80},"end":{"line":13,"column":114}},"line":13}},"branchMap":{},"s":{"0":0,"1":0},"f":{"0":0,"1":0},"b":{}}
,"C:\\Users\\Michell\\Documents\\GitHub\\RoommatesPlus\\RoommatesPlus\\frontend\\screens\\Profile.js": {"path":"C:\\Users\\Michell\\Documents\\GitHub\\RoommatesPlus\\RoommatesPlus\\frontend\\screens\\Profile.js","statementMap":{"0":{"start":{"line":11,"column":12},"end":{"line":19,"column":5}},"1":{"start":{"line":22,"column":8},"end":{"line":22,"column":32}},"2":{"start":{"line":23,"column":20},"end":{"line":23,"column":53}},"3":{"start":{"line":24,"column":22},"end":{"line":24,"column":62}},"4":{"start":{"line":25,"column":20},"end":{"line":46,"column":10}},"5":{"start":{"line":27,"column":12},"end":{"line":30,"column":13}},"6":{"start":{"line":28,"column":16},"end":{"line":28,"column":54}},"7":{"start":{"line":29,"column":16},"end":{"line":29,"column":23}},"8":{"start":{"line":31,"column":12},"end":{"line":42,"column":14}},"9":{"start":{"line":32,"column":16},"end":{"line":32,"column":54}},"10":{"start":{"line":34,"column":16},"end":{"line":41,"column":18}},"11":{"start":{"line":45,"column":12},"end":{"line":45,"column":56}},"12":{"start":{"line":55,"column":8},"end":{"line":59,"column":9}},"13":{"start":{"line":56,"column":12},"end":{"line":56,"column":30}},"14":{"start":{"line":58,"column":12},"end":{"line":58,"column":87}},"15":{"start":{"line":62,"column":8},"end":{"line":83,"column":10}},"16":{"start":{"line":66,"column":80},"end":{"line":66,"column":114}},"17":{"start":{"line":86,"column":15},"end":{"line":102,"column":5}},"18":{"start":{"line":88,"column":8},"end":{"line":88,"column":41}},"19":{"start":{"line":89,"column":8},"end":{"line":89,"column":59}},"20":{"start":{"line":90,"column":20},"end":{"line":90,"column":83}},"21":{"start":{"line":91,"column":8},"end":{"line":101,"column":10}},"22":{"start":{"line":92,"column":24},"end":{"line":92,"column":50}},"23":{"start":{"line":93,"column":12},"end":{"line":95,"column":15}},"24":{"start":{"line":98,"column":11},"end":{"line":98,"column":30}},"25":{"start":{"line":100,"column":12},"end":{"line":100,"column":54}},"26":{"start":{"line":105,"column":8},"end":{"line":105,"column":43}},"27":{"start":{"line":106,"column":8},"end":{"line":113,"column":10}}},"fnMap":{"0":{"name":"(anonymous_0)","decl":{"start":{"line":21,"column":4},"end":{"line":21,"column":5}},"loc":{"start":{"line":21,"column":19},"end":{"line":48,"column":5}},"line":21},"1":{"name":"(anonymous_1)","decl":{"start":{"line":26,"column":14},"end":{"line":26,"column":15}},"loc":{"start":{"line":26,"column":26},"end":{"line":43,"column":9}},"line":26},"2":{"name":"(anonymous_2)","decl":{"start":{"line":31,"column":29},"end":{"line":31,"column":30}},"loc":{"start":{"line":31,"column":36},"end":{"line":42,"column":13}},"line":31},"3":{"name":"(anonymous_3)","decl":{"start":{"line":44,"column":15},"end":{"line":44,"column":16}},"loc":{"start":{"line":44,"column":22},"end":{"line":46,"column":9}},"line":44},"4":{"name":"(anonymous_4)","decl":{"start":{"line":52,"column":4},"end":{"line":52,"column":5}},"loc":{"start":{"line":52,"column":12},"end":{"line":84,"column":5}},"line":52},"5":{"name":"(anonymous_5)","decl":{"start":{"line":66,"column":74},"end":{"line":66,"column":75}},"loc":{"start":{"line":66,"column":80},"end":{"line":66,"column":114}},"line":66},"6":{"name":"(anonymous_6)","decl":{"start":{"line":86,"column":15},"end":{"line":86,"column":16}},"loc":{"start":{"line":86,"column":20},"end":{"line":102,"column":5}},"line":86},"7":{"name":"(anonymous_7)","decl":{"start":{"line":91,"column":44},"end":{"line":91,"column":45}},"loc":{"start":{"line":91,"column":65},"end":{"line":97,"column":9}},"line":91},"8":{"name":"(anonymous_8)","decl":{"start":{"line":97,"column":16},"end":{"line":97,"column":17}},"loc":{"start":{"line":97,"column":20},"end":{"line":99,"column":9}},"line":97},"9":{"name":"(anonymous_9)","decl":{"start":{"line":99,"column":17},"end":{"line":99,"column":18}},"loc":{"start":{"line":99,"column":26},"end":{"line":101,"column":9}},"line":99},"10":{"name":"(anonymous_10)","decl":{"start":{"line":104,"column":4},"end":{"line":104,"column":5}},"loc":{"start":{"line":104,"column":15},"end":{"line":114,"column":5}},"line":104}},"branchMap":{"0":{"loc":{"start":{"line":27,"column":12},"end":{"line":30,"column":13}},"type":"if","locations":[{"start":{"line":27,"column":12},"end":{"line":30,"column":13}},{"start":{"line":27,"column":12},"end":{"line":30,"column":13}}],"line":27},"1":{"loc":{"start":{"line":55,"column":8},"end":{"line":59,"column":9}},"type":"if","locations":[{"start":{"line":55,"column":8},"end":{"line":59,"column":9}},{"start":{"line":55,"column":8},"end":{"line":59,"column":9}}],"line":55},"2":{"loc":{"start":{"line":55,"column":12},"end":{"line":55,"column":79}},"type":"binary-expr","locations":[{"start":{"line":55,"column":12},"end":{"line":55,"column":47}},{"start":{"line":55,"column":51},"end":{"line":55,"column":79}}],"line":55}},"s":{"0":0,"1":0,"2":0,"3":0,"4":0,"5":0,"6":0,"7":0,"8":0,"9":0,"10":0,"11":0,"12":0,"13":0,"14":0,"15":0,"16":0,"17":0,"18":0,"19":0,"20":0,"21":0,"22":0,"23":0,"24":0,"25":0,"26":0,"27":0},"f":{"0":0,"1":0,"2":0,"3":0,"4":0,"5":0,"6":0,"7":0,"8":0,"9":0,"10":0},"b":{"0":[0,0],"1":[0,0],"2":[0,0]}}
,"C:\\Users\\Michell\\Documents\\GitHub\\RoommatesPlus\\RoommatesPlus\\frontend\\screens\\Settings.js": {"path":"C:\\Users\\Michell\\Documents\\GitHub\\RoommatesPlus\\RoommatesPlus\\frontend\\screens\\Settings.js","statementMap":{"0":{"start":{"line":9,"column":27},"end":{"line":19,"column":5}},"1":{"start":{"line":10,"column":8},"end":{"line":18,"column":10}},"2":{"start":{"line":12,"column":12},"end":{"line":12,"column":32}},"3":{"start":{"line":13,"column":12},"end":{"line":13,"column":46}},"4":{"start":{"line":16,"column":12},"end":{"line":16,"column":44}},"5":{"start":{"line":17,"column":12},"end":{"line":17,"column":38}},"6":{"start":{"line":21,"column":20},"end":{"line":29,"column":5}},"7":{"start":{"line":22,"column":8},"end":{"line":22,"column":35}},"8":{"start":{"line":23,"column":8},"end":{"line":28,"column":9}},"9":{"start":{"line":24,"column":12},"end":{"line":24,"column":53}},"10":{"start":{"line":27,"column":12},"end":{"line":27,"column":56}},"11":{"start":{"line":32,"column":8},"end":{"line":48,"column":10}},"12":{"start":{"line":36,"column":80},"end":{"line":36,"column":114}}},"fnMap":{"0":{"name":"(anonymous_0)","decl":{"start":{"line":9,"column":27},"end":{"line":9,"column":28}},"loc":{"start":{"line":9,"column":33},"end":{"line":19,"column":5}},"line":9},"1":{"name":"(anonymous_1)","decl":{"start":{"line":11,"column":14},"end":{"line":11,"column":15}},"loc":{"start":{"line":11,"column":20},"end":{"line":14,"column":9}},"line":11},"2":{"name":"(anonymous_2)","decl":{"start":{"line":15,"column":15},"end":{"line":15,"column":16}},"loc":{"start":{"line":15,"column":26},"end":{"line":18,"column":9}},"line":15},"3":{"name":"(anonymous_3)","decl":{"start":{"line":21,"column":20},"end":{"line":21,"column":21}},"loc":{"start":{"line":21,"column":32},"end":{"line":29,"column":5}},"line":21},"4":{"name":"(anonymous_4)","decl":{"start":{"line":31,"column":4},"end":{"line":31,"column":5}},"loc":{"start":{"line":31,"column":12},"end":{"line":49,"column":5}},"line":31},"5":{"name":"(anonymous_5)","decl":{"start":{"line":36,"column":74},"end":{"line":36,"column":75}},"loc":{"start":{"line":36,"column":80},"end":{"line":36,"column":114}},"line":36}},"branchMap":{},"s":{"0":0,"1":0,"2":0,"3":0,"4":0,"5":0,"6":0,"7":0,"8":0,"9":0,"10":0,"11":0,"12":0},"f":{"0":0,"1":0,"2":0,"3":0,"4":0,"5":0},"b":{}}
,"C:\\Users\\Michell\\Documents\\GitHub\\RoommatesPlus\\RoommatesPlus\\frontend\\styles\\darkmode.js": {"path":"C:\\Users\\Michell\\Documents\\GitHub\\RoommatesPlus\\RoommatesPlus\\frontend\\styles\\darkmode.js","statementMap":{"0":{"start":{"line":4,"column":22},"end":{"line":118,"column":2}}},"fnMap":{},"branchMap":{},"s":{"0":0},"f":{},"b":{}}
,"C:\\Users\\Michell\\Documents\\GitHub\\RoommatesPlus\\RoommatesPlus\\frontend\\styles\\style.js": {"path":"C:\\Users\\Michell\\Documents\\GitHub\\RoommatesPlus\\RoommatesPlus\\frontend\\styles\\style.js","statementMap":{"0":{"start":{"line":4,"column":22},"end":{"line":186,"column":2}}},"fnMap":{},"branchMap":{},"s":{"0":0},"f":{},"b":{}}
}
